build/app/outputs/mapping/release/seeds.txt
com.nirbaan.nirbaanexpress.MainActivity
com.nirbaan.nirbaanexpress.MainActivity: MainActivity()
...
com.google.firestore.v1.StructuredQuery$CollectionSelector
androidx.appcompat.widget.LinearLayoutCompat: float getWeightSum()
com.google.android.gms.internal.firebase-auth-api.zzij: com.google.android.gms.internal.firebase-auth-api.zzyu zzf
com.google.firestore.v1.BatchGetDocumentsResponse: int MISSING_FIELD_NUMBER
com.google.gson.stream.JsonToken: com.google.gson.stream.JsonToken[] values()
androidx.lifecycle.EmptyActivityLifecycleCallbacks: void onActivityResumed(android.app.Activity)
com.google.firestore.v1.WriteResponse: com.google.protobuf.Internal$ProtobufList writeResults_
com.google.android.gms.internal.firebase-auth-api.zzoa: android.os.Parcelable$Creator CREATOR
androidx.appcompat.widget.AppCompatTextView: void setBackgroundResource(int)
com.google.firebase.firestore.proto.WriteBatch: int WRITES_FIELD_NUMBER
com.google.android.gms.internal.firebase-auth-api.zzim: com.google.android.gms.internal.firebase-auth-api.zzim zzb
androidx.appcompat.widget.AppCompatCheckBox: void setSupportBackgroundTintList(android.content.res.ColorStateList)
androidx.appcompat.widget.AppCompatImageButton: android.content.res.ColorStateList getSupportBackgroundTintList()
com.google.android.gms.common.api.Scope: android.os.Parcelable$Creator CREATOR
com.google.android.gms.internal.firebase-auth-api.zzmc: android.os.Parcelable$Creator CREATOR
com.bumptech.glide.load.DecodeFormat: com.bumptech.glide.load.DecodeFormat[] values()
com.google.android.gms.safetynet.HarmfulAppsData: android.os.Parcelable$Creator CREATOR
com.bumptech.glide.load.ImageHeaderParser$ImageType: com.bumptech.glide.load.ImageHeaderParser$ImageType GIF
io.grpc.util.RoundRobinLoadBalancer$ReadyPicker: int index
com.google.android.gms.internal.firebase-auth-api.zzie
com.google.android.gms.internal.firebase-auth-api.zzew: int zze
androidx.appcompat.widget.Toolbar: void setCollapseContentDescription(java.lang.CharSequence)
com.google.firestore.v1.DocumentTransform$FieldTransform: int transformTypeCase_
com.google.firebase.installations.FirebaseInstallationsException$Status: com.google.firebase.installations.FirebaseInstallationsException$Status[] values()
com.google.firebase.firestore.proto.UnknownDocument
androidx.media.AudioAttributesCompatParcelizer: void write(androidx.media.AudioAttributesCompat,androidx.versionedparcelable.VersionedParcel)
androidx.appcompat.widget.AppCompatCheckBox: android.content.res.ColorStateList getSupportBackgroundTintList()
com.google.rpc.Status
io.flutter.embedding.engine.FlutterJNI: void runBundleAndSnapshotFromLibrary(java.lang.String,java.lang.String,java.lang.String,android.content.res.AssetManager)
io.flutter.plugin.editing.ImeSyncDeferringInsetsCallback: android.view.WindowInsets access$400(io.flutter.plugin.editing.ImeSyncDeferringInsetsCallback)
io.flutter.embedding.engine.FlutterJNI: void nativeOnVsync(long,long,long)
com.google.android.gms.internal.firebase-auth-api.zzhz: com.google.android.gms.internal.firebase-auth-api.zzhz zzb
com.google.android.gms.maps.GoogleMapOptions: android.os.Parcelable$Creator CREATOR
com.google.firebase.firestore.core.UserData$Source: com.google.firebase.firestore.core.UserData$Source[] values()
com.google.firestore.v1.Write: int VERIFY_FIELD_NUMBER
com.google.firestore.v1.DocumentTransform
com.google.firestore.v1.Document: java.lang.String name_
androidx.appcompat.widget.ActionBarOverlayLayout: void setIcon(android.graphics.drawable.Drawable)
androidx.appcompat.widget.AppCompatRadioButton: android.graphics.PorterDuff$Mode getSupportButtonTintMode()
com.google.firebase.firestore.proto.Target: int TARGET_ID_FIELD_NUMBER
me.carda.awesome_notifications.notifications.enumeratos.ActionButtonType: me.carda.awesome_notifications.notifications.enumeratos.ActionButtonType valueOf(java.lang.String)
androidx.appcompat.widget.Toolbar: void setCollapsible(boolean)
android.support.v4.graphics.drawable.IconCompatParcelizer: void write(androidx.core.graphics.drawable.IconCompat,androidx.versionedparcelable.VersionedParcel)