build/app/outputs/mapping/release/mapping.txt
# compiler: R8
# compiler_version: 2.1.75
# min_api: 23
# pg_map_id: 7c06f21
# common_typos_disable
...
net.touchcapture.qr.flutterqr.QRView$startScan$2 -> j.a.a.a.b$b:
    java.util.List $allowedBarcodeTypes -> a
    net.touchcapture.qr.flutterqr.QRView this$0 -> b
    void barcodeResult(com.journeyapps.barcodescanner.BarcodeResult) -> a
    void possibleResultPoints(java.util.List) -> b
net.touchcapture.qr.flutterqr.QRViewFactory -> j.a.a.a.c:
    io.flutter.plugin.common.BinaryMessenger messenger -> b
    io.flutter.plugin.platform.PlatformView create(android.content.Context,int,java.lang.Object) -> a
net.touchcapture.qr.flutterqr.Shared -> j.a.a.a.d:
    io.flutter.embedding.engine.plugins.activity.ActivityPluginBinding binding -> c
    net.touchcapture.qr.flutterqr.Shared INSTANCE -> a
    io.flutter.plugin.common.PluginRegistry$Registrar registrar -> d
    android.app.Activity activity -> b
    android.app.Activity getActivity() -> a
    io.flutter.embedding.engine.plugins.activity.ActivityPluginBinding getBinding() -> b
    io.flutter.plugin.common.PluginRegistry$Registrar getRegistrar() -> c
    void setActivity(android.app.Activity) -> d
    void setBinding(io.flutter.embedding.engine.plugins.activity.ActivityPluginBinding) -> e
okio.AsyncTimeout -> k.a:
    long timeoutAt -> f
    long IDLE_TIMEOUT_NANOS -> h
    long IDLE_TIMEOUT_MILLIS -> g
    okio.AsyncTimeout next -> e
    okio.AsyncTimeout head -> i
    boolean inQueue -> d
    okio.AsyncTimeout awaitTimeout() -> e
    boolean cancelScheduledTimeout(okio.AsyncTimeout) -> f
    void enter() -> g
    java.io.IOException exit(java.io.IOException) -> h
    void exit(boolean) -> i
    boolean exit() -> j
    java.io.IOException newTimeoutException(java.io.IOException) -> k
    long remainingNanos(long) -> l
    void scheduleTimeout(okio.AsyncTimeout,long,boolean) -> m
    okio.Sink sink(okio.Sink) -> n
    okio.Source source(okio.Source) -> o
    void timedOut() -> p
okio.AsyncTimeout$1 -> k.a$a:
    okio.AsyncTimeout this$0 -> e
    okio.Sink val$sink -> d
    void write(okio.Buffer,long) -> n
okio.AsyncTimeout$2 -> k.a$b:
    okio.Source val$source -> d
    okio.AsyncTimeout this$0 -> e
    long read(okio.Buffer,long) -> T
okio.AsyncTimeout$Watchdog -> k.a$c:
okio.Base64 -> k.b:
    byte[] MAP -> a
    java.lang.String encode(byte[]) -> a
    java.lang.String encode(byte[],byte[]) -> b
okio.Buffer -> k.c:
    long size -> e
    byte[] DIGITS -> f
    okio.Segment head -> d
    int read(byte[],int,int) -> D
    boolean exhausted() -> E
    okio.BufferedSink writeByte(int) -> F
    byte[] readByteArray(long) -> I
    byte[] readByteArray() -> J
    okio.ByteString readByteString() -> M
    okio.BufferedSink write(byte[]) -> O
    void readFully(byte[]) -> P
    java.lang.String readString(long,java.nio.charset.Charset) -> R
    long read(okio.Buffer,long) -> T
    java.lang.String readUtf8() -> U
    java.lang.String readUtf8(long) -> V
    java.lang.String readUtf8Line(long) -> Y
    void clear() -> c
    void require(long) -> c0
    void skip(long) -> d
    java.lang.String readUtf8LineStrict() -> d0
    okio.Buffer clone() -> e
    java.lang.String readUtf8LineStrict(long) -> e0
    okio.BufferedSink writeUtf8(java.lang.String) -> f0
    long size() -> h0
    long completeSegmentByteCount() -> i
    okio.ByteString snapshot() -> j0
    okio.ByteString snapshot(int) -> k0
    okio.Segment writableSegment(int) -> l0
    okio.Buffer write(okio.ByteString) -> m0
    void write(okio.Buffer,long) -> n
    okio.Buffer write(byte[]) -> n0
    okio.Buffer copyTo(okio.Buffer,long,long) -> o
    okio.Buffer write(byte[],int,int) -> o0
    okio.Buffer writeByte(int) -> p0
    byte getByte(long) -> q
    okio.Buffer writeHexadecimalUnsignedLong(long) -> q0
    long indexOf(byte,long,long) -> r
    okio.Buffer writeInt(int) -> r0
    okio.Buffer buffer() -> s
okio.Buffer$1 -> k.c$a:
    okio.Buffer this$0 -> d