build/app/outputs/mapping/release/usage.txt
com.nirbaan.nirbaanexpress.R$layout
com.nirbaan.nirbaanexpress.R$anim
com.nirbaan.nirbaanexpress.R$styleable
com.nirbaan.nirbaanexpress.R
com.nirbaan.nirbaanexpress.R$style
com.nirbaan.nirbaanexpress.R$interpolator
com.nirbaan.nirbaanexpress.R$animator
com.nirbaan.nirbaanexpress.R$mipmap
com.nirbaan.nirbaanexpress.R$string
com.nirbaan.nirbaanexpress.R$integer
com.nirbaan.nirbaanexpress.R$raw
com.nirbaan.nirbaanexpress.R$bool
com.nirbaan.nirbaanexpress.R$dimen
com.nirbaan.nirbaanexpress.BuildConfig
com.nirbaan.nirbaanexpress.R$attr
com.nirbaan.nirbaanexpress.R$xml
com.nirbaan.nirbaanexpress.R$drawable
com.nirbaan.nirbaanexpress.R$color
com.nirbaan.nirbaanexpress.R$id
...
com.google.common.collect.Multisets$4$1
com.google.api.LabelDescriptor$ValueType$ValueTypeVerifier
androidx.activity.result.ActivityResultRegistry$1:
    void <init>(androidx.activity.result.ActivityResultRegistry,java.lang.String,androidx.activity.result.ActivityResultCallback,androidx.activity.result.contract.ActivityResultContract)
androidx.concurrent.futures.AbstractResolvableFuture$1
com.google.firebase.installations.AwaitListener
com.google.android.play.core.splitinstall.ad
com.google.firebase.firestore.FirebaseFirestoreSettings$Builder:
    public java.lang.String getHost()
    public boolean isSslEnabled()
    public boolean isPersistenceEnabled()
    public long getCacheSizeBytes()
android.support.v4.media.MediaDescriptionCompatApi23$Builder:
    private void <init>()
androidx.coordinatorlayout.widget.CoordinatorLayout$HierarchyChangeListener
androidx.appcompat.R$animator
androidx.annotation.RequiresOptIn$Level
com.google.common.collect.Iterators$10
kotlin.jvm.functions.Function2
com.google.api.HttpBody$1
kotlin.ranges.CharProgression
kotlin.text.StringsKt__RegexExtensionsKt:
    private static final kotlin.text.Regex toRegex(java.lang.String)
    private static final kotlin.text.Regex toRegex(java.lang.String,kotlin.text.RegexOption)
    private static final kotlin.text.Regex toRegex(java.lang.String,java.util.Set)
    public void <init>()
com.google.zxing.client.result.TelResultParser
io.grpc.internal.package-info
kotlin.collections.SetsKt__SetsJVMKt
androidx.core.location.GnssStatusCompat$ConstellationType
com.google.common.collect.MultimapBuilder$EnumSetSupplier
com.google.android.gms.auth.api.signin.internal.GoogleSignInOptionsExtensionParcelable
io.flutter.embedding.android.FlutterEngineProvider
com.bumptech.glide.load.resource.bitmap.VideoDecoder:
    private static final java.lang.String TAG
    public static final long DEFAULT_FRAME
    static final int DEFAULT_FRAME_OPTION
kotlin.sequences.SequencesKt___SequencesJvmKt$filterIsInstance$1
com.google.android.gms.common.internal.GmsClientSupervisor$zza:
    public void <init>(java.lang.String,int)
    private void <init>(java.lang.String,java.lang.String,int)
    public void <init>(android.content.ComponentName,int)
com.google.common.collect.MapDifference
com.google.firebase.firestore.local.IndexCursor
kotlin.coroutines.CoroutineContext
com.google.android.gms.common.api.internal.zacb
com.google.common.collect.RegularImmutableBiMap
kotlin.collections.unsigned.UArraysKt___UArraysJvmKt
com.google.protobuf.DescriptorProtos$MethodOptions$Builder
com.google.common.graph.GraphBuilder
com.google.common.collect.AbstractMapBasedMultimap$SortedAsMap
com.google.android.gms.internal.auth-api-phone.zzg
androidx.core.database.CursorKt
com.google.android.gms.internal.location.zzbh
com.lyokone.location.R$styleable
com.bumptech.glide.load.engine.DecodePath:
    private static final java.lang.String TAG
com.google.firebase.auth.internal.zzbm:
    public final com.google.android.gms.tasks.Task zza()
    public final void zzh(android.content.Context,com.google.firebase.auth.FirebaseAuth,com.google.firebase.auth.FirebaseUser)
    public final boolean zzi(android.app.Activity,com.google.android.gms.tasks.TaskCompletionSource,com.google.firebase.auth.FirebaseAuth)
    public final boolean zzj(android.app.Activity,com.google.android.gms.tasks.TaskCompletionSource,com.google.firebase.auth.FirebaseAuth,com.google.firebase.auth.FirebaseUser)
com.google.firebase.R$dimen
androidx.appcompat.widget.AppCompatCheckBox:
    public void <init>(android.content.Context)
kotlin.collections.GroupingKt__GroupingKt